# JRE version: Java(TM) SE Runtime Environment (21.0.4+8) (build 21.0.4+8-LTS-274)
# Java VM: Java HotSpot(TM) 64-Bit Server VM (21.0.4+8-LTS-274, mixed mode, sharing, tiered, compressed oops, compressed class ptrs, g1 gc, windows-amd64)
GC Precious Log:
 CardTable entry size: 512
 Card Set container configuration: InlinePtr #cards 5 size 8 Array Of Cards #cards 12 size 40 Howl #buckets 4 coarsen threshold 1843 Howl Bitmap #cards 512 size 80 coarsen threshold 460 Card regions per heap region 1 cards per card region 2048
 CPUs: 4 total, 4 available
 Memory: 3778M
 Large Page Support: Disabled
 NUMA Support: Disabled
 Compressed Oops: Enabled (32-bit)
 Heap Region Size: 1M
 Heap Min Capacity: 8M
 Heap Initial Capacity: 60M
 Heap Max Capacity: 946M
 Pre-touch: Disabled
 Parallel Workers: 4
 Concurrent Workers: 1
 Concurrent Refinement Workers: 4
 Periodic GC: Disabled
Heap:
 garbage-first heap   total 94208K, used 71019K [0x00000000c4e00000, 0x0000000100000000)
  region size 1024K, 21 young (21504K), 3 survivors (3072K)
 Metaspace       used 30840K, committed 31360K, reserved 1114112K
  class space    used 3402K, committed 3648K, reserved 1048576K
GC Heap History (20 events):
Event: 25.079 GC heap before
{Heap before GC invocations=8 (full 0):
 garbage-first heap   total 61440K, used 57747K [0x00000000c4e00000, 0x0000000100000000)
  region size 1024K, 33 young (33792K), 4 survivors (4096K)
 Metaspace       used 21173K, committed 21504K, reserved 1114112K
  class space    used 2357K, committed 2560K, reserved 1048576K
}
Event: 25.097 GC heap after
{Heap after GC invocations=9 (full 0):
 garbage-first heap   total 67584K, used 30238K [0x00000000c4e00000, 0x0000000100000000)
  region size 1024K, 5 young (5120K), 5 survivors (5120K)
 Metaspace       used 21173K, committed 21504K, reserved 1114112K
  class space    used 2357K, committed 2560K, reserved 1048576K
}
Event: 27.689 GC heap before
{Heap before GC invocations=10 (full 0):
 garbage-first heap   total 67584K, used 57886K [0x00000000c4e00000, 0x0000000100000000)
  region size 1024K, 31 young (31744K), 5 survivors (5120K)
 Metaspace       used 26888K, committed 27328K, reserved 1114112K
  class space    used 3009K, committed 3200K, reserved 1048576K
}
Event: 27.715 GC heap after
{Heap after GC invocations=11 (full 0):
 garbage-first heap   total 72704K, used 40448K [0x00000000c4e00000, 0x0000000100000000)
  region size 1024K, 4 young (4096K), 4 survivors (4096K)
 Metaspace       used 26888K, committed 27328K, reserved 1114112K
  class space    used 3009K, committed 3200K, reserved 1048576K
}
Event: 29.071 GC heap before
{Heap before GC invocations=11 (full 0):
 garbage-first heap   total 72704K, used 60928K [0x00000000c4e00000, 0x0000000100000000)
  region size 1024K, 23 young (23552K), 4 survivors (4096K)
 Metaspace       used 26899K, committed 27328K, reserved 1114112K
  class space    used 3009K, committed 3200K, reserved 1048576K
}
Event: 29.094 GC heap after
{Heap after GC invocations=12 (full 0):
 garbage-first heap   total 72704K, used 48128K [0x00000000c4e00000, 0x0000000100000000)
  region size 1024K, 3 young (3072K), 3 survivors (3072K)
 Metaspace       used 26899K, committed 27328K, reserved 1114112K
  class space    used 3009K, committed 3200K, reserved 1048576K
}
Event: 30.124 GC heap before
{Heap before GC invocations=12 (full 0):
 garbage-first heap   total 72704K, used 61440K [0x00000000c4e00000, 0x0000000100000000)
  region size 1024K, 16 young (16384K), 3 survivors (3072K)
 Metaspace       used 27350K, committed 27712K, reserved 1114112K
  class space    used 3071K, committed 3264K, reserved 1048576K
}
Event: 30.136 GC heap after
{Heap after GC invocations=13 (full 0):
 garbage-first heap   total 72704K, used 50688K [0x00000000c4e00000, 0x0000000100000000)
  region size 1024K, 2 young (2048K), 2 survivors (2048K)
 Metaspace       used 27350K, committed 27712K, reserved 1114112K
  class space    used 3071K, committed 3264K, reserved 1048576K
}
Event: 30.878 GC heap before
{Heap before GC invocations=14 (full 0):
 garbage-first heap   total 81920K, used 59904K [0x00000000c4e00000, 0x0000000100000000)
  region size 1024K, 14 young (14336K), 2 survivors (2048K)
 Metaspace       used 27612K, committed 27968K, reserved 1114112K
  class space    used 3073K, committed 3264K, reserved 1048576K
}
Event: 30.889 GC heap after
{Heap after GC invocations=15 (full 0):
 garbage-first heap   total 81920K, used 49997K [0x00000000c4e00000, 0x0000000100000000)
  region size 1024K, 2 young (2048K), 2 survivors (2048K)
 Metaspace       used 27612K, committed 27968K, reserved 1114112K
  class space    used 3073K, committed 3264K, reserved 1048576K
}
Event: 32.995 GC heap before
{Heap before GC invocations=15 (full 0):
 garbage-first heap   total 81920K, used 68429K [0x00000000c4e00000, 0x0000000100000000)
  region size 1024K, 20 young (20480K), 2 survivors (2048K)
 Metaspace       used 28515K, committed 28928K, reserved 1114112K
  class space    used 3138K, committed 3328K, reserved 1048576K
}
Event: 33.009 GC heap after
{Heap after GC invocations=16 (full 0):
 garbage-first heap   total 81920K, used 51008K [0x00000000c4e00000, 0x0000000100000000)
  region size 1024K, 2 young (2048K), 2 survivors (2048K)
 Metaspace       used 28515K, committed 28928K, reserved 1114112K
  class space    used 3138K, committed 3328K, reserved 1048576K
}
Event: 34.584 GC heap before
{Heap before GC invocations=16 (full 0):
 garbage-first heap   total 81920K, used 68416K [0x00000000c4e00000, 0x0000000100000000)
  region size 1024K, 20 young (20480K), 2 survivors (2048K)
 Metaspace       used 29390K, committed 29760K, reserved 1114112K
  class space    used 3253K, committed 3392K, reserved 1048576K
}
Event: 34.594 GC heap after
{Heap after GC invocations=17 (full 0):
 garbage-first heap   total 81920K, used 51593K [0x00000000c4e00000, 0x0000000100000000)
  region size 1024K, 1 young (1024K), 1 survivors (1024K)
 Metaspace       used 29390K, committed 29760K, reserved 1114112K
  class space    used 3253K, committed 3392K, reserved 1048576K
}
Event: 35.110 GC heap before
{Heap before GC invocations=18 (full 0):
 garbage-first heap   total 94208K, used 70025K [0x00000000c4e00000, 0x0000000100000000)
  region size 1024K, 20 young (20480K), 1 survivors (1024K)
 Metaspace       used 30345K, committed 30784K, reserved 1114112K
  class space    used 3383K, committed 3584K, reserved 1048576K
}
Event: 35.113 GC heap after
{Heap after GC invocations=19 (full 0):
 garbage-first heap   total 94208K, used 51964K [0x00000000c4e00000, 0x0000000100000000)
  region size 1024K, 1 young (1024K), 1 survivors (1024K)
 Metaspace       used 30345K, committed 30784K, reserved 1114112K
  class space    used 3383K, committed 3584K, reserved 1048576K
}
Event: 35.689 GC heap before
{Heap before GC invocations=19 (full 0):
 garbage-first heap   total 94208K, used 81660K [0x00000000c4e00000, 0x0000000100000000)
  region size 1024K, 30 young (30720K), 1 survivors (1024K)
 Metaspace       used 30725K, committed 31232K, reserved 1114112K
  class space    used 3401K, committed 3648K, reserved 1048576K
}
Event: 35.699 GC heap after
{Heap after GC invocations=20 (full 0):
 garbage-first heap   total 94208K, used 52480K [0x00000000c4e00000, 0x0000000100000000)
  region size 1024K, 2 young (2048K), 2 survivors (2048K)
 Metaspace       used 30725K, committed 31232K, reserved 1114112K
  class space    used 3401K, committed 3648K, reserved 1048576K
}
Event: 35.988 GC heap before
{Heap before GC invocations=20 (full 0):
 garbage-first heap   total 94208K, used 83200K [0x00000000c4e00000, 0x0000000100000000)
  region size 1024K, 32 young (32768K), 2 survivors (2048K)
 Metaspace       used 30823K, committed 31360K, reserved 1114112K
  class space    used 3402K, committed 3648K, reserved 1048576K
}
Event: 35.998 GC heap after
{Heap after GC invocations=21 (full 0):
 garbage-first heap   total 94208K, used 53611K [0x00000000c4e00000, 0x0000000100000000)
  region size 1024K, 3 young (3072K), 3 survivors (3072K)
 Metaspace       used 30823K, committed 31360K, reserved 1114112K
  class space    used 3402K, committed 3648K, reserved 1048576K
}

