# JRE version: Java(TM) SE Runtime Environment (21.0.4+8) (build 21.0.4+8-LTS-274)
# Java VM: Java HotSpot(TM) 64-Bit Server VM (21.0.4+8-LTS-274, mixed mode, sharing, tiered, compressed oops, compressed class ptrs, g1 gc, windows-amd64)
GC Precious Log:
 CardTable entry size: 512
 Card Set container configuration: InlinePtr #cards 5 size 8 Array Of Cards #cards 12 size 40 Howl #buckets 4 coarsen threshold 1843 Howl Bitmap #cards 512 size 80 coarsen threshold 460 Card regions per heap region 1 cards per card region 2048
 CPUs: 4 total, 4 available
 Memory: 3778M
 Large Page Support: Disabled
 NUMA Support: Disabled
 Compressed Oops: Enabled (32-bit)
 Heap Region Size: 1M
 Heap Min Capacity: 8M
 Heap Initial Capacity: 60M
 Heap Max Capacity: 946M
 Pre-touch: Disabled
 Parallel Workers: 4
 Concurrent Workers: 1
 Concurrent Refinement Workers: 4
 Periodic GC: Disabled
Heap:
 garbage-first heap   total 165888K, used 75028K [0x00000000c4e00000, 0x0000000100000000)
  region size 1024K, 15 young (15360K), 3 survivors (3072K)
 Metaspace       used 35100K, committed 35648K, reserved 1114112K
  class space    used 3902K, committed 4160K, reserved 1048576K
GC Heap History (20 events):
Event: 14.926 GC heap before
{Heap before GC invocations=12 (full 0):
 garbage-first heap   total 71680K, used 58944K [0x00000000c4e00000, 0x0000000100000000)
  region size 1024K, 19 young (19456K), 3 survivors (3072K)
 Metaspace       used 28050K, committed 28416K, reserved 1114112K
  class space    used 3145K, committed 3328K, reserved 1048576K
}
Event: 14.934 GC heap after
{Heap after GC invocations=13 (full 0):
 garbage-first heap   total 86016K, used 46399K [0x00000000c4e00000, 0x0000000100000000)
  region size 1024K, 3 young (3072K), 3 survivors (3072K)
 Metaspace       used 28050K, committed 28416K, reserved 1114112K
  class space    used 3145K, committed 3328K, reserved 1048576K
}
Event: 15.474 GC heap before
{Heap before GC invocations=14 (full 0):
 garbage-first heap   total 86016K, used 66879K [0x00000000c4e00000, 0x0000000100000000)
  region size 1024K, 27 young (27648K), 3 survivors (3072K)
 Metaspace       used 29346K, committed 29760K, reserved 1114112K
  class space    used 3300K, committed 3456K, reserved 1048576K
}
Event: 15.479 GC heap after
{Heap after GC invocations=15 (full 0):
 garbage-first heap   total 86016K, used 43447K [0x00000000c4e00000, 0x0000000100000000)
  region size 1024K, 3 young (3072K), 3 survivors (3072K)
 Metaspace       used 29346K, committed 29760K, reserved 1114112K
  class space    used 3300K, committed 3456K, reserved 1048576K
}
Event: 16.072 GC heap before
{Heap before GC invocations=15 (full 0):
 garbage-first heap   total 86016K, used 71095K [0x00000000c4e00000, 0x0000000100000000)
  region size 1024K, 31 young (31744K), 3 survivors (3072K)
 Metaspace       used 30125K, committed 30592K, reserved 1114112K
  class space    used 3372K, committed 3584K, reserved 1048576K
}
Event: 16.079 GC heap after
{Heap after GC invocations=16 (full 0):
 garbage-first heap   total 86016K, used 43653K [0x00000000c4e00000, 0x0000000100000000)
  region size 1024K, 2 young (2048K), 2 survivors (2048K)
 Metaspace       used 30125K, committed 30592K, reserved 1114112K
  class space    used 3372K, committed 3584K, reserved 1048576K
}
Event: 16.749 GC heap before
{Heap before GC invocations=16 (full 0):
 garbage-first heap   total 86016K, used 63109K [0x00000000c4e00000, 0x0000000100000000)
  region size 1024K, 22 young (22528K), 2 survivors (2048K)
 Metaspace       used 31991K, committed 32512K, reserved 1114112K
  class space    used 3604K, committed 3776K, reserved 1048576K
}
Event: 16.757 GC heap after
{Heap after GC invocations=17 (full 0):
 garbage-first heap   total 86016K, used 45251K [0x00000000c4e00000, 0x0000000100000000)
  region size 1024K, 3 young (3072K), 3 survivors (3072K)
 Metaspace       used 31991K, committed 32512K, reserved 1114112K
  class space    used 3604K, committed 3776K, reserved 1048576K
}
Event: 17.385 GC heap before
{Heap before GC invocations=18 (full 0):
 garbage-first heap   total 86016K, used 84163K [0x00000000c4e00000, 0x0000000100000000)
  region size 1024K, 32 young (32768K), 3 survivors (3072K)
 Metaspace       used 32036K, committed 32512K, reserved 1114112K
  class space    used 3604K, committed 3776K, reserved 1048576K
}
Event: 17.406 GC heap after
{Heap after GC invocations=19 (full 0):
 garbage-first heap   total 96256K, used 59392K [0x00000000c4e00000, 0x0000000100000000)
  region size 1024K, 4 young (4096K), 4 survivors (4096K)
 Metaspace       used 32036K, committed 32512K, reserved 1114112K
  class space    used 3604K, committed 3776K, reserved 1048576K
}
Event: 17.658 GC heap before
{Heap before GC invocations=19 (full 0):
 garbage-first heap   total 96256K, used 81920K [0x00000000c4e00000, 0x0000000100000000)
  region size 1024K, 26 young (26624K), 4 survivors (4096K)
 Metaspace       used 32046K, committed 32512K, reserved 1114112K
  class space    used 3604K, committed 3776K, reserved 1048576K
}
Event: 17.675 GC heap after
{Heap after GC invocations=20 (full 0):
 garbage-first heap   total 96256K, used 59392K [0x00000000c4e00000, 0x0000000100000000)
  region size 1024K, 4 young (4096K), 4 survivors (4096K)
 Metaspace       used 32046K, committed 32512K, reserved 1114112K
  class space    used 3604K, committed 3776K, reserved 1048576K
}
Event: 17.881 GC heap before
{Heap before GC invocations=20 (full 0):
 garbage-first heap   total 96256K, used 81920K [0x00000000c4e00000, 0x0000000100000000)
  region size 1024K, 24 young (24576K), 4 survivors (4096K)
 Metaspace       used 32055K, committed 32512K, reserved 1114112K
  class space    used 3604K, committed 3776K, reserved 1048576K
}
Event: 17.895 GC heap after
{Heap after GC invocations=21 (full 0):
 garbage-first heap   total 96256K, used 65167K [0x00000000c4e00000, 0x0000000100000000)
  region size 1024K, 3 young (3072K), 3 survivors (3072K)
 Metaspace       used 32055K, committed 32512K, reserved 1114112K
  class space    used 3604K, committed 3776K, reserved 1048576K
}
Event: 18.345 GC heap before
{Heap before GC invocations=21 (full 0):
 garbage-first heap   total 96256K, used 80527K [0x00000000c4e00000, 0x0000000100000000)
  region size 1024K, 19 young (19456K), 3 survivors (3072K)
 Metaspace       used 32553K, committed 33024K, reserved 1114112K
  class space    used 3657K, committed 3840K, reserved 1048576K
}
Event: 18.353 GC heap after
{Heap after GC invocations=22 (full 0):
 garbage-first heap   total 96256K, used 67678K [0x00000000c4e00000, 0x0000000100000000)
  region size 1024K, 2 young (2048K), 2 survivors (2048K)
 Metaspace       used 32553K, committed 33024K, reserved 1114112K
  class space    used 3657K, committed 3840K, reserved 1048576K
}
Event: 18.880 GC heap before
{Heap before GC invocations=23 (full 0):
 garbage-first heap   total 121856K, used 80990K [0x00000000c4e00000, 0x0000000100000000)
  region size 1024K, 17 young (17408K), 2 survivors (2048K)
 Metaspace       used 31491K, committed 32064K, reserved 1114112K
  class space    used 3533K, committed 3776K, reserved 1048576K
}
Event: 18.893 GC heap after
{Heap after GC invocations=24 (full 0):
 garbage-first heap   total 121856K, used 67407K [0x00000000c4e00000, 0x0000000100000000)
  region size 1024K, 1 young (1024K), 1 survivors (1024K)
 Metaspace       used 31491K, committed 32064K, reserved 1114112K
  class space    used 3533K, committed 3776K, reserved 1048576K
}
Event: 19.972 GC heap before
{Heap before GC invocations=24 (full 0):
 garbage-first heap   total 121856K, used 102223K [0x00000000c4e00000, 0x0000000100000000)
  region size 1024K, 36 young (36864K), 1 survivors (1024K)
 Metaspace       used 33398K, committed 33984K, reserved 1114112K
  class space    used 3696K, committed 3968K, reserved 1048576K
}
Event: 19.989 GC heap after
{Heap after GC invocations=25 (full 0):
 garbage-first heap   total 165888K, used 63764K [0x00000000c4e00000, 0x0000000100000000)
  region size 1024K, 3 young (3072K), 3 survivors (3072K)
 Metaspace       used 33398K, committed 33984K, reserved 1114112K
  class space    used 3696K, committed 3968K, reserved 1048576K
}

