# JRE version: Java(TM) SE Runtime Environment (21.0.4+8) (build 21.0.4+8-LTS-274)
# Java VM: Java HotSpot(TM) 64-Bit Server VM (21.0.4+8-LTS-274, mixed mode, sharing, tiered, compressed oops, compressed class ptrs, g1 gc, windows-amd64)
GC Precious Log:
 CardTable entry size: 512
 Card Set container configuration: InlinePtr #cards 5 size 8 Array Of Cards #cards 12 size 40 Howl #buckets 4 coarsen threshold 1843 Howl Bitmap #cards 512 size 80 coarsen threshold 460 Card regions per heap region 1 cards per card region 2048
 CPUs: 4 total, 4 available
 Memory: 3778M
 Large Page Support: Disabled
 NUMA Support: Disabled
 Compressed Oops: Enabled (32-bit)
 Heap Region Size: 1M
 Heap Min Capacity: 8M
 Heap Initial Capacity: 60M
 Heap Max Capacity: 946M
 Pre-touch: Disabled
 Parallel Workers: 4
 Concurrent Workers: 1
 Concurrent Refinement Workers: 4
 Periodic GC: Disabled
Heap:
 garbage-first heap   total 65536K, used 48046K [0x00000000c4e00000, 0x0000000100000000)
  region size 1024K, 15 young (15360K), 2 survivors (2048K)
 Metaspace       used 76474K, committed 77056K, reserved 1179648K
  class space    used 10342K, committed 10624K, reserved 1048576K
GC Heap History (20 events):
Event: 8.339 GC heap before
{Heap before GC invocations=7 (full 0):
 garbage-first heap   total 61440K, used 48725K [0x00000000c4e00000, 0x0000000100000000)
  region size 1024K, 31 young (31744K), 4 survivors (4096K)
 Metaspace       used 29975K, committed 30336K, reserved 1114112K
  class space    used 3854K, committed 4032K, reserved 1048576K
}
Event: 8.351 GC heap after
{Heap after GC invocations=8 (full 0):
 garbage-first heap   total 61440K, used 23269K [0x00000000c4e00000, 0x0000000100000000)
  region size 1024K, 3 young (3072K), 3 survivors (3072K)
 Metaspace       used 29975K, committed 30336K, reserved 1114112K
  class space    used 3854K, committed 4032K, reserved 1048576K
}
Event: 10.138 GC heap before
{Heap before GC invocations=8 (full 0):
 garbage-first heap   total 61440K, used 49893K [0x00000000c4e00000, 0x0000000100000000)
  region size 1024K, 29 young (29696K), 3 survivors (3072K)
 Metaspace       used 34392K, committed 34816K, reserved 1114112K
  class space    used 4558K, committed 4736K, reserved 1048576K
}
Event: 10.146 GC heap after
{Heap after GC invocations=9 (full 0):
 garbage-first heap   total 61440K, used 24940K [0x00000000c4e00000, 0x0000000100000000)
  region size 1024K, 4 young (4096K), 4 survivors (4096K)
 Metaspace       used 34392K, committed 34816K, reserved 1114112K
  class space    used 4558K, committed 4736K, reserved 1048576K
}
Event: 11.042 GC heap before
{Heap before GC invocations=9 (full 0):
 garbage-first heap   total 61440K, used 31084K [0x00000000c4e00000, 0x0000000100000000)
  region size 1024K, 11 young (11264K), 4 survivors (4096K)
 Metaspace       used 35735K, committed 36096K, reserved 1114112K
  class space    used 4778K, committed 4928K, reserved 1048576K
}
Event: 11.052 GC heap after
{Heap after GC invocations=10 (full 0):
 garbage-first heap   total 61440K, used 25904K [0x00000000c4e00000, 0x0000000100000000)
  region size 1024K, 3 young (3072K), 3 survivors (3072K)
 Metaspace       used 35735K, committed 36096K, reserved 1114112K
  class space    used 4778K, committed 4928K, reserved 1048576K
}
Event: 15.443 GC heap before
{Heap before GC invocations=11 (full 0):
 garbage-first heap   total 61440K, used 50480K [0x00000000c4e00000, 0x0000000100000000)
  region size 1024K, 28 young (28672K), 3 survivors (3072K)
 Metaspace       used 42384K, committed 42816K, reserved 1114112K
  class space    used 5560K, committed 5760K, reserved 1048576K
}
Event: 15.461 GC heap after
{Heap after GC invocations=12 (full 0):
 garbage-first heap   total 61440K, used 27648K [0x00000000c4e00000, 0x0000000100000000)
  region size 1024K, 3 young (3072K), 3 survivors (3072K)
 Metaspace       used 42384K, committed 42816K, reserved 1114112K
  class space    used 5560K, committed 5760K, reserved 1048576K
}
Event: 17.122 GC heap before
{Heap before GC invocations=12 (full 0):
 garbage-first heap   total 61440K, used 53248K [0x00000000c4e00000, 0x0000000100000000)
  region size 1024K, 28 young (28672K), 3 survivors (3072K)
 Metaspace       used 45475K, committed 45952K, reserved 1114112K
  class space    used 5943K, committed 6144K, reserved 1048576K
}
Event: 17.143 GC heap after
{Heap after GC invocations=13 (full 0):
 garbage-first heap   total 61440K, used 30021K [0x00000000c4e00000, 0x0000000100000000)
  region size 1024K, 4 young (4096K), 4 survivors (4096K)
 Metaspace       used 45475K, committed 45952K, reserved 1114112K
  class space    used 5943K, committed 6144K, reserved 1048576K
}
Event: 19.255 GC heap before
{Heap before GC invocations=13 (full 0):
 garbage-first heap   total 61440K, used 52549K [0x00000000c4e00000, 0x0000000100000000)
  region size 1024K, 27 young (27648K), 4 survivors (4096K)
 Metaspace       used 52092K, committed 52608K, reserved 1114112K
  class space    used 6626K, committed 6848K, reserved 1048576K
}
Event: 19.273 GC heap after
{Heap after GC invocations=14 (full 0):
 garbage-first heap   total 61440K, used 33068K [0x00000000c4e00000, 0x0000000100000000)
  region size 1024K, 3 young (3072K), 3 survivors (3072K)
 Metaspace       used 52092K, committed 52608K, reserved 1114112K
  class space    used 6626K, committed 6848K, reserved 1048576K
}
Event: 20.578 GC heap before
{Heap before GC invocations=14 (full 0):
 garbage-first heap   total 61440K, used 53548K [0x00000000c4e00000, 0x0000000100000000)
  region size 1024K, 23 young (23552K), 3 survivors (3072K)
 Metaspace       used 57412K, committed 57920K, reserved 1114112K
  class space    used 7415K, committed 7616K, reserved 1048576K
}
Event: 20.583 GC heap after
{Heap after GC invocations=15 (full 0):
 garbage-first heap   total 61440K, used 34074K [0x00000000c4e00000, 0x0000000100000000)
  region size 1024K, 2 young (2048K), 2 survivors (2048K)
 Metaspace       used 57412K, committed 57920K, reserved 1114112K
  class space    used 7415K, committed 7616K, reserved 1048576K
}
Event: 21.666 GC heap before
{Heap before GC invocations=16 (full 0):
 garbage-first heap   total 61440K, used 54554K [0x00000000c4e00000, 0x0000000100000000)
  region size 1024K, 22 young (22528K), 2 survivors (2048K)
 Metaspace       used 62645K, committed 63232K, reserved 1114112K
  class space    used 8239K, committed 8512K, reserved 1048576K
}
Event: 21.671 GC heap after
{Heap after GC invocations=17 (full 0):
 garbage-first heap   total 61440K, used 34754K [0x00000000c4e00000, 0x0000000100000000)
  region size 1024K, 2 young (2048K), 2 survivors (2048K)
 Metaspace       used 62645K, committed 63232K, reserved 1114112K
  class space    used 8239K, committed 8512K, reserved 1048576K
}
Event: 22.854 GC heap before
{Heap before GC invocations=17 (full 0):
 garbage-first heap   total 61440K, used 55234K [0x00000000c4e00000, 0x0000000100000000)
  region size 1024K, 23 young (23552K), 2 survivors (2048K)
 Metaspace       used 69166K, committed 69824K, reserved 1114112K
  class space    used 9171K, committed 9472K, reserved 1048576K
}
Event: 22.865 GC heap after
{Heap after GC invocations=18 (full 0):
 garbage-first heap   total 61440K, used 35714K [0x00000000c4e00000, 0x0000000100000000)
  region size 1024K, 2 young (2048K), 2 survivors (2048K)
 Metaspace       used 69166K, committed 69824K, reserved 1114112K
  class space    used 9171K, committed 9472K, reserved 1048576K
}
Event: 24.163 GC heap before
{Heap before GC invocations=18 (full 0):
 garbage-first heap   total 61440K, used 55170K [0x00000000c4e00000, 0x0000000100000000)
  region size 1024K, 22 young (22528K), 2 survivors (2048K)
 Metaspace       used 74291K, committed 74944K, reserved 1114112K
  class space    used 10033K, committed 10304K, reserved 1048576K
}
Event: 24.173 GC heap after
{Heap after GC invocations=19 (full 0):
 garbage-first heap   total 61440K, used 36782K [0x00000000c4e00000, 0x0000000100000000)
  region size 1024K, 2 young (2048K), 2 survivors (2048K)
 Metaspace       used 74291K, committed 74944K, reserved 1114112K
  class space    used 10033K, committed 10304K, reserved 1048576K
}

